
2026-07-01 16:26:28,466 INFO Will watch for changes in these directories: ['C:\\Users\\m.kamchibekov\\PycharmProjects\\dcb_exchange']
2026-07-01 16:26:28,467 INFO Uvicorn running on http://127.0.0.1:8000 (Press CTRL+C to quit)
2026-07-01 16:26:28,468 INFO Started reloader process [18144] using WatchFiles
2026-07-01 16:26:28,990 INFO Started server process [15184]
2026-07-01 16:26:28,992 INFO Waiting for application startup.
2026-07-01 16:26:28,993 INFO Application startup complete.
2026-07-01 16:26:38,224 WARNING Invalid HTTP request received.
2026-07-01 16:26:48,243 WARNING Invalid HTTP request received.
2026-07-01 16:26:58,256 WARNING Invalid HTTP request received.
2026-07-01 16:27:08,268 WARNING Invalid HTTP request received.
2026-07-01 16:27:18,283 WARNING Invalid HTTP request received.
2026-07-01 16:27:28,289 WARNING Invalid HTTP request received.
2026-07-01 16:27:38,302 WARNING Invalid HTTP request received.
2026-07-01 16:27:45,984 INFO 3 changes detected
2026-07-01 16:27:45,984 WARNING WatchFiles detected changes in 'app\models.py'. Reloading...
2026-07-01 16:27:46,012 INFO Shutting down
2026-07-01 16:27:46,127 INFO Waiting for application shutdown.
2026-07-01 16:27:46,130 INFO Application shutdown complete.
2026-07-01 16:27:46,133 INFO Finished server process [15184]
2026-07-01 16:27:46,824 INFO 2 changes detected
2026-07-01 16:27:47,006 INFO Started server process [17348]
2026-07-01 16:27:47,008 INFO Waiting for application startup.
2026-07-01 16:27:47,009 INFO Application startup complete.
2026-07-01 16:27:47,189 INFO 5 changes detected
2026-07-01 16:27:48,311 WARNING Invalid HTTP request received.
2026-07-01 16:27:51,278 INFO 1 change detected
2026-07-01 16:27:57,159 INFO 1 change detected
2026-07-01 16:27:57,950 INFO Shutting down
2026-07-01 16:27:58,059 INFO Waiting for application shutdown.
2026-07-01 16:27:58,062 INFO Application shutdown complete.
2026-07-01 16:27:58,064 INFO Finished server process [17348]
2026-07-01 16:27:58,392 INFO Stopping reloader process [18144]
2026-07-01 16:28:00,251 INFO Will watch for changes in these directories: ['C:\\Users\\m.kamchibekov\\PycharmProjects\\dcb_exchange']
2026-07-01 16:28:00,251 INFO Uvicorn running on http://127.0.0.1:8000 (Press CTRL+C to quit)
2026-07-01 16:28:00,252 INFO Started reloader process [16592] using WatchFiles
2026-07-01 16:28:00,784 INFO Started server process [3736]
2026-07-01 16:28:00,786 INFO Waiting for application startup.
2026-07-01 16:28:00,787 INFO Application startup complete.
2026-07-01 16:28:08,411 WARNING Invalid HTTP request received.
2026-07-01 16:28:18,430 WARNING Invalid HTTP request received.
2026-07-01 16:28:28,450 WARNING Invalid HTTP request received.
2026-07-01 16:28:38,472 WARNING Invalid HTTP request received.
2026-07-01 16:28:48,482 WARNING Invalid HTTP request received.
2026-07-01 16:28:58,494 WARNING Invalid HTTP request received.
2026-07-01 16:28:59,528 WARNING Invalid HTTP request received.
2026-07-01 16:29:02,623 INFO 3 changes detected
2026-07-01 16:29:02,625 WARNING WatchFiles detected changes in 'app\models.py'. Reloading...
2026-07-01 16:29:02,733 INFO Shutting down
2026-07-01 16:29:02,842 INFO Waiting for application shutdown.
2026-07-01 16:29:02,845 INFO Application shutdown complete.
2026-07-01 16:29:02,848 INFO Finished server process [3736]
2026-07-01 16:29:03,552 INFO 2 changes detected
2026-07-01 16:29:03,724 INFO Started server process [15300]
2026-07-01 16:29:03,727 INFO Waiting for application startup.
2026-07-01 16:29:03,728 INFO Application startup complete.
2026-07-01 16:29:03,731 WARNING Invalid HTTP request received.
2026-07-01 16:29:03,914 INFO 5 changes detected
2026-07-01 16:29:05,496 WARNING Invalid HTTP request received.
2026-07-01 16:29:05,999 INFO 4 changes detected
2026-07-01 16:29:06,350 INFO 1 change detected
2026-07-01 16:29:08,514 WARNING Invalid HTTP request received.
2026-07-01 16:29:18,528 WARNING Invalid HTTP request received.
2026-07-01 16:29:20,697 INFO 1 change detected
2026-07-01 16:29:28,547 WARNING Invalid HTTP request received.
2026-07-01 16:29:35,743 INFO 1 change detected
2026-07-01 16:29:38,558 WARNING Invalid HTTP request received.
2026-07-01 16:29:48,578 WARNING Invalid HTTP request received.
2026-07-01 16:29:48,675 INFO 1 change detected
2026-07-01 16:29:58,589 WARNING Invalid HTTP request received.
2026-07-01 16:30:08,595 WARNING Invalid HTTP request received.
2026-07-01 16:30:18,612 WARNING Invalid HTTP request received.
2026-07-01 16:30:19,541 INFO 3 changes detected
2026-07-01 16:30:19,541 WARNING WatchFiles detected changes in 'app\crud\sqlite.py'. Reloading...
2026-07-01 16:30:19,591 INFO Shutting down
2026-07-01 16:30:19,700 INFO Waiting for application shutdown.
2026-07-01 16:30:19,701 INFO Application shutdown complete.
2026-07-01 16:30:19,702 INFO Finished server process [15300]
2026-07-01 16:30:20,417 INFO 1 change detected
2026-07-01 16:30:20,599 INFO Started server process [3164]
2026-07-01 16:30:20,602 INFO Waiting for application startup.
2026-07-01 16:30:20,602 INFO Application startup complete.
2026-07-01 16:30:20,775 INFO 6 changes detected
2026-07-01 16:30:27,647 INFO 1 change detected
2026-07-01 16:30:28,634 WARNING Invalid HTTP request received.
2026-07-01 16:30:37,765 INFO 3 changes detected
2026-07-01 16:30:37,765 WARNING WatchFiles detected changes in 'app\models.py'. Reloading...
2026-07-01 16:30:37,810 INFO Shutting down
2026-07-01 16:30:37,918 INFO Waiting for application shutdown.
2026-07-01 16:30:37,920 INFO Application shutdown complete.
2026-07-01 16:30:37,922 INFO Finished server process [3164]
2026-07-01 16:30:38,629 INFO 2 changes detected
2026-07-01 16:30:38,810 INFO Started server process [8076]
2026-07-01 16:30:38,813 INFO Waiting for application startup.
2026-07-01 16:30:38,813 INFO Application startup complete.
2026-07-01 16:30:38,814 WARNING Invalid HTTP request received.
2026-07-01 16:30:38,986 INFO 5 changes detected
2026-07-01 16:30:41,570 INFO 1 change detected
2026-07-01 16:30:44,314 INFO 3 changes detected
2026-07-01 16:30:48,821 WARNING Invalid HTTP request received.
2026-07-01 16:30:56,243 INFO 1 change detected
2026-07-01 16:30:57,453 INFO 3 changes detected
2026-07-01 16:30:58,835 WARNING Invalid HTTP request received.
2026-07-01 16:31:08,841 WARNING Invalid HTTP request received.
2026-07-01 16:31:10,425 INFO 1 change detected
2026-07-01 16:31:18,860 WARNING Invalid HTTP request received.
2026-07-01 16:31:28,878 WARNING Invalid HTTP request received.
2026-07-01 16:31:29,262 INFO 1 change detected
2026-07-01 16:31:32,094 INFO 1 change detected
2026-07-01 16:31:33,008 INFO 1 change detected
2026-07-01 16:31:36,439 INFO 1 change detected
2026-07-01 16:31:38,893 WARNING Invalid HTTP request received.
2026-07-01 16:31:40,672 WARNING Invalid HTTP request received.
2026-07-01 16:31:41,687 WARNING Invalid HTTP request received.
2026-07-01 16:31:48,903 WARNING Invalid HTTP request received.
2026-07-01 16:31:58,765 INFO 1 change detected
2026-07-01 16:31:58,913 WARNING Invalid HTTP request received.
2026-07-01 16:32:08,923 WARNING Invalid HTTP request received.
2026-07-01 16:32:09,234 INFO Shutting down
2026-07-01 16:32:09,338 INFO Waiting for application shutdown.
2026-07-01 16:32:09,341 INFO Application shutdown complete.
2026-07-01 16:32:09,344 INFO Finished server process [8076]
2026-07-01 16:32:09,695 INFO Stopping reloader process [16592]
2026-07-01 16:32:16,898 INFO Will watch for changes in these directories: ['C:\\Users\\m.kamchibekov\\PycharmProjects\\dcb_exchange']
2026-07-01 16:32:16,898 INFO Uvicorn running on http://127.0.0.1:8000 (Press CTRL+C to quit)
2026-07-01 16:32:16,899 INFO Started reloader process [11132] using WatchFiles
2026-07-01 16:32:17,435 INFO Started server process [7472]
2026-07-01 16:32:17,437 INFO Waiting for application startup.
2026-07-01 16:32:17,438 INFO Application startup complete.
2026-07-01 16:32:18,936 WARNING Invalid HTTP request received.
2026-07-01 16:32:28,946 WARNING Invalid HTTP request received.
2026-07-01 16:32:38,952 WARNING Invalid HTTP request received.
2026-07-01 16:32:48,965 WARNING Invalid HTTP request received.
2026-07-01 16:32:49,035 INFO 3 changes detected
2026-07-01 16:32:53,392 WARNING Invalid HTTP request received.
2026-07-01 16:32:58,979 WARNING Invalid HTTP request received.
2026-07-01 16:33:08,983 WARNING Invalid HTTP request received.
2026-07-01 16:33:19,002 WARNING Invalid HTTP request received.
2026-07-01 16:33:29,017 WARNING Invalid HTTP request received.
2026-07-01 16:33:39,031 WARNING Invalid HTTP request received.
2026-07-01 16:33:49,045 WARNING Invalid HTTP request received.
2026-07-01 16:33:59,057 WARNING Invalid HTTP request received.
2026-07-01 16:34:09,069 WARNING Invalid HTTP request received.
2026-07-01 16:34:19,077 WARNING Invalid HTTP request received.
2026-07-01 16:34:29,087 WARNING Invalid HTTP request received.
2026-07-01 16:34:39,102 WARNING Invalid HTTP request received.
2026-07-01 16:34:49,121 WARNING Invalid HTTP request received.
2026-07-01 16:34:59,133 WARNING Invalid HTTP request received.
2026-07-01 16:35:09,148 WARNING Invalid HTTP request received.
2026-07-01 16:35:19,167 WARNING Invalid HTTP request received.
2026-07-01 16:35:29,187 WARNING Invalid HTTP request received.
2026-07-01 16:35:39,200 WARNING Invalid HTTP request received.
2026-07-01 16:35:49,217 WARNING Invalid HTTP request received.
2026-07-01 16:35:59,226 WARNING Invalid HTTP request received.
2026-07-01 16:36:09,234 WARNING Invalid HTTP request received.
2026-07-01 16:36:19,245 WARNING Invalid HTTP request received.
2026-07-01 16:36:29,257 WARNING Invalid HTTP request received.
2026-07-01 16:36:39,268 WARNING Invalid HTTP request received.
2026-07-01 16:36:49,277 WARNING Invalid HTTP request received.
2026-07-01 16:36:59,283 WARNING Invalid HTTP request received.
2026-07-01 16:37:09,290 WARNING Invalid HTTP request received.
2026-07-01 16:37:19,296 WARNING Invalid HTTP request received.
2026-07-01 16:37:29,302 WARNING Invalid HTTP request received.
2026-07-01 16:37:39,317 WARNING Invalid HTTP request received.
2026-07-01 16:37:49,332 WARNING Invalid HTTP request received.
2026-07-01 16:37:59,339 WARNING Invalid HTTP request received.
2026-07-01 16:38:09,349 WARNING Invalid HTTP request received.
2026-07-01 16:38:19,353 WARNING Invalid HTTP request received.
2026-07-01 16:38:29,361 WARNING Invalid HTTP request received.
2026-07-01 16:38:39,372 WARNING Invalid HTTP request received.
2026-07-01 16:38:49,387 WARNING Invalid HTTP request received.
2026-07-01 16:38:59,398 WARNING Invalid HTTP request received.
2026-07-01 16:39:09,410 WARNING Invalid HTTP request received.
2026-07-01 16:39:19,427 WARNING Invalid HTTP request received.
2026-07-01 16:39:29,444 WARNING Invalid HTTP request received.
2026-07-01 16:39:39,452 WARNING Invalid HTTP request received.
2026-07-01 16:39:49,472 WARNING Invalid HTTP request received.
2026-07-01 16:39:59,486 WARNING Invalid HTTP request received.
2026-07-01 16:40:09,503 WARNING Invalid HTTP request received.
2026-07-01 16:40:19,515 WARNING Invalid HTTP request received.
2026-07-01 16:40:29,524 WARNING Invalid HTTP request received.
2026-07-01 16:40:39,541 WARNING Invalid HTTP request received.
2026-07-01 16:40:49,556 WARNING Invalid HTTP request received.
2026-07-01 16:40:59,565 WARNING Invalid HTTP request received.
2026-07-01 16:41:09,585 WARNING Invalid HTTP request received.
2026-07-01 16:41:19,604 WARNING Invalid HTTP request received.
2026-07-01 16:41:29,614 WARNING Invalid HTTP request received.
2026-07-01 16:41:39,624 WARNING Invalid HTTP request received.
2026-07-01 16:41:49,641 WARNING Invalid HTTP request received.
2026-07-01 16:41:59,652 WARNING Invalid HTTP request received.
2026-07-01 16:42:09,658 WARNING Invalid HTTP request received.
2026-07-01 16:42:19,674 WARNING Invalid HTTP request received.
2026-07-01 16:42:29,692 WARNING Invalid HTTP request received.
2026-07-01 16:42:39,702 WARNING Invalid HTTP request received.
2026-07-01 16:42:46,663 INFO Shutting down
2026-07-01 16:42:46,768 INFO Waiting for application shutdown.
2026-07-01 16:42:46,771 INFO Application shutdown complete.
2026-07-01 16:42:46,774 INFO Finished server process [7472]
2026-07-01 16:42:47,135 INFO Stopping reloader process [11132]
